3:5 ***ERROR*** Multiply declared identifier
4:6 ***ERROR*** Non-function declared void
8:9 ***ERROR*** Multiply declared identifier
10:9 ***ERROR*** Multiply declared identifier
12:5 ***ERROR*** Multiply declared identifier
15:5 ***ERROR*** Multiply declared identifier
19:21 ***ERROR*** Multiply declared identifier
21:9 ***ERROR*** Multiply declared identifier
23:9 ***ERROR*** Multiply declared identifier
29:9 ***ERROR*** Multiply declared identifier
31:9 ***ERROR*** Multiply declared identifier
32:9 ***ERROR*** Multiply declared identifier
34:8 ***ERROR*** Multiply declared identifier
40:14 ***ERROR*** Multiply declared identifier
41:14 ***ERROR*** Multiply declared identifier
42:10 ***ERROR*** Invalid name of struct type
47:9 ***ERROR*** Multiply declared identifier
49:9 ***ERROR*** Multiply declared identifier
54:13 ***ERROR*** Invalid struct field name
55:7 ***ERROR*** Undeclared identifier
55:7 ***ERROR*** Dot-access of non-struct type
56:7 ***ERROR*** Undeclared identifier
56:7 ***ERROR*** Dot-access of non-struct type
59:6 ***ERROR*** Non-function declared void
